# configure exec: ./configure --prefix=/data/node_modules/node-rdkafka/build/deps --libdir=/data/node_modules/node-rdkafka/build/deps --prefix=/data/node_modules/node-rdkafka/build/deps --libdir=/data/node_modules/node-rdkafka/build/deps
# On Tue Jun 16 17:29:46 UTC 2020
DBG 89: Setting distro (distro) status to ok (action ignore)
DBG 89: ccenv: WITH_CC:  --version failed: mklove/modules/configure.base: line 1747: --version: command not found
DBG 89: Setting ccenv (ccenv) status to failed (action cont)
DBG 89: Check ccenv (WITH_CC, action cont (originally cont)) failed: command ' --version' failed:
mklove/modules/configure.base: line 1747: --version: command not found
DBG 89: Setting gcc (gcc) status to ok (action cont)
DBG 89: cxxenv: WITH_CXX:  --version failed: mklove/modules/configure.base: line 1747: --version: command not found
DBG 89: Setting cxxenv (cxxenv) status to failed (action cont)
DBG 89: Check cxxenv (WITH_CXX, action cont (originally cont)) failed: command ' --version' failed:
mklove/modules/configure.base: line 1747: --version: command not found
DBG 89: Setting gxx (gxx) status to ok (action cont)
DBG 89: Setting ld (ld) status to ok (action disable)
DBG 89: Setting nm (nm) status to ok (action disable)
DBG 89: Setting objdump (objdump) status to ok (action disable)
DBG 89: Setting strip (strip) status to ok (action disable)
DBG 89: libtool: : libtool is not executable: 
DBG 89: Setting libtool (libtool) status to failed (action disable)
DBG 89: Check libtool (, action disable (originally disable)) failed: libtool is not executable
DBG 89: Setting pkgconfig (pkgconfig) status to ok (action cont)
DBG 89: Setting install (install) status to ok (action cont)
DBG 89: Compile check PIC (HAVE_PIC) (sub=0): gcc  -g -O2 -Wall -Werror _mkltmpTk8lQr.c -o _mkltmpTk8lQr.c.o  -L/data/node_modules/node-rdkafka/build/deps -fPIC
DBG 89: Setting PIC (PIC) status to ok (action disable)
DBG 89: Compile check gnulib (WITH_GNULD) (sub=0): gcc  -g -O2 -fPIC -Wall -Werror _mkltmpEM8I6j.c -o _mkltmpEM8I6j.c.o  -L/data/node_modules/node-rdkafka/build/deps -shared -Wl,-soname,mkltest.0
DBG 89: Setting gnulib (gnulib) status to ok (action cont)
DBG 89: Compile check ldsflagvs () (sub=0): gcc  -g -O2 -fPIC -Wall -Werror _mkltmprblaof.c -o _mkltmprblaof.c.o  -L/data/node_modules/node-rdkafka/build/deps -shared -Wl,--version-script=_mkltmpXR9zYQ
DBG 89: Setting ldsflagvs (ldsflagvs) status to ok (action cont)
DBG 89: Compile check __atomic_32 (HAVE_ATOMICS_32) (sub=0): gcc  -g -O2 -fPIC -Wall -Werror _mkltmpxJwKSx.c -o _mkltmpxJwKSx.c.o  -L/data/node_modules/node-rdkafka/build/deps 
DBG 89: Setting __atomic_32 (__atomic_32) status to ok (action cont)
DBG 89: Compile check __atomic_64 (HAVE_ATOMICS_64) (sub=0): gcc  -g -O2 -fPIC -Wall -Werror _mkltmpxfCeeB.c -o _mkltmpxfCeeB.c.o  -L/data/node_modules/node-rdkafka/build/deps 
DBG 89: Setting __atomic_64 (__atomic_64) status to ok (action cont)
DBG 89: Compile check socket () (sub=0): gcc  -g -O2 -fPIC -Wall -Wsign-compare -Wfloat-equal -Wpointer-arith -Wcast-align -Wall -Werror _mkltmpcsv1Hn.c -o _mkltmpcsv1Hn.c.o  -L/data/node_modules/node-rdkafka/build/deps 
DBG 89: Setting socket (socket) status to ok (action cont)
DBG 89: Setting parseversion (parseversion) status to ok (action cont)
DBG 89: pkg-config check librt for CFLAGS (): pkg-config --short-errors --cflags librt
DBG 89: 'pkg-config --short-errors --cflags librt' failed: No package 'librt' found
DBG 89: Setting librt_PKGCONFIG (librt_PKGCONFIG) status to failed (action cont)
DBG 89: Check librt_PKGCONFIG (, action cont (originally cont)) failed: 'pkg-config --short-errors --cflags librt' failed:
No package 'librt' found
DBG 89: librt: Check for static library (libs -lrt, arfile variable STATIC_LIB_librt=, static filenames )
DBG 89: Compile check librt () (sub=0): gcc  -g -O2 -fPIC -Wall -Wsign-compare -Wfloat-equal -Wpointer-arith -Wcast-align -Wall -Werror _mkltmpDesS9n.c -o _mkltmpDesS9n.c.o  -L/data/node_modules/node-rdkafka/build/deps -lrt
DBG 89: Setting librt (librt) status to ok (action cont)
DBG 89: librt: from lib_check: LIBS: prepend -lrt
DBG 89: pkg-config check libpthread for CFLAGS (): pkg-config --short-errors --cflags libpthread
DBG 89: 'pkg-config --short-errors --cflags libpthread' failed: No package 'libpthread' found
DBG 89: Setting libpthread_PKGCONFIG (libpthread_PKGCONFIG) status to failed (action cont)
DBG 89: Check libpthread_PKGCONFIG (, action cont (originally cont)) failed: 'pkg-config --short-errors --cflags libpthread' failed:
No package 'libpthread' found
DBG 89: libpthread: Check for static library (libs -lpthread, arfile variable STATIC_LIB_libpthread=, static filenames )
DBG 89: Compile check libpthread () (sub=0): gcc  -g -O2 -fPIC -Wall -Wsign-compare -Wfloat-equal -Wpointer-arith -Wcast-align -Wall -Werror _mkltmpBYWMbo.c -o _mkltmpBYWMbo.c.o  -L/data/node_modules/node-rdkafka/build/deps -lpthread
DBG 89: Setting libpthread (libpthread) status to ok (action fail)
DBG 89: libpthread: from lib_check: LIBS: prepend -lpthread
DBG 89: pkg-config check c11threads for CFLAGS (WITH_C11THREADS): pkg-config --short-errors --cflags c11threads
DBG 89: 'pkg-config --short-errors --cflags c11threads' failed: No package 'c11threads' found
DBG 89: Setting c11threads_PKGCONFIG (c11threads_PKGCONFIG) status to failed (action cont)
DBG 89: Check c11threads_PKGCONFIG (, action cont (originally cont)) failed: 'pkg-config --short-errors --cflags c11threads' failed:
No package 'c11threads' found
DBG 89: c11threads: Check for static library (libs -lpthread -lrt, arfile variable STATIC_LIB_c11threads=, static filenames )
DBG 89: Compile check c11threads (WITH_C11THREADS) (sub=0): gcc  -g -O2 -fPIC -Wall -Wsign-compare -Wfloat-equal -Wpointer-arith -Wcast-align -Wall -Werror _mkltmp0EttgO.c -o _mkltmp0EttgO.c.o  -L/data/node_modules/node-rdkafka/build/deps -lpthread -lrt
DBG 89: compile check for c11threads (WITH_C11THREADS) failed: gcc  -g -O2 -fPIC -Wall -Wsign-compare -Wfloat-equal -Wpointer-arith -Wcast-align -Wall -Werror _mkltmp0EttgO.c -o _mkltmp0EttgO.c.o  -L/data/node_modules/node-rdkafka/build/deps -lpthread -lrt: _mkltmp0EttgO.c:2:21: fatal error: threads.h: No such file or directory
 #include <threads.h>
                     ^
compilation terminated.
DBG 89: Setting c11threads (c11threads) status to failed (action disable)
DBG 89: Check c11threads (WITH_C11THREADS, action disable (originally disable)) failed: compile check failed:
CC: CC
flags: -lpthread -lrt
gcc  -g -O2 -fPIC -Wall -Wsign-compare -Wfloat-equal -Wpointer-arith -Wcast-align -Wall -Werror _mkltmp0EttgO.c -o _mkltmp0EttgO.c.o  -L/data/node_modules/node-rdkafka/build/deps -lpthread -lrt:
_mkltmp0EttgO.c:2:21: fatal error: threads.h: No such file or directory
 #include <threads.h>
                     ^
compilation terminated.
source: 
#include <threads.h>


static int start_func (void *arg) {
   int iarg = *(int *)arg;
   return iarg;
}

void foo (void) {
    thrd_t thr;
    int arg = 1;
    if (thrd_create(&thr, start_func, (void *)&arg) != thrd_success) {
      ;
    }
}

DBG 89: pkg-config check libdl for CFLAGS (WITH_LIBDL): pkg-config --short-errors --cflags libdl
DBG 89: 'pkg-config --short-errors --cflags libdl' failed: No package 'libdl' found
DBG 89: Setting libdl_PKGCONFIG (libdl_PKGCONFIG) status to failed (action cont)
DBG 89: Check libdl_PKGCONFIG (, action cont (originally cont)) failed: 'pkg-config --short-errors --cflags libdl' failed:
No package 'libdl' found
DBG 89: libdl: Check for static library (libs -ldl, arfile variable STATIC_LIB_libdl=, static filenames )
DBG 89: Compile check libdl (WITH_LIBDL) (sub=0): gcc  -g -O2 -fPIC -Wall -Wsign-compare -Wfloat-equal -Wpointer-arith -Wcast-align -Wall -Werror _mkltmpawSFwK.c -o _mkltmpawSFwK.c.o  -L/data/node_modules/node-rdkafka/build/deps -ldl
DBG 89: Setting libdl (libdl) status to ok (action disable)
DBG 89: libdl: from lib_check: LIBS: prepend -ldl
DBG 89: pkg-config check zlib for CFLAGS (WITH_ZLIB): pkg-config --short-errors --cflags zlib
DBG 89: pkg-config check zlib for LIBS (WITH_ZLIB): pkg-config --short-errors --libs zlib
DBG 89: zlib: from pkg-config: CFLAGS '', LIBS '-ldl -lpthread -lrt'
DBG 89: zlib: performing compile check using pkg-config info
DBG 89: Compile check zlib (WITH_ZLIB) (sub=1): gcc  -g -O2 -fPIC -Wall -Wsign-compare -Wfloat-equal -Wpointer-arith -Wcast-align -Wall -Werror _mkltmpjL74zw.c -o _mkltmpjL74zw.c.o  -L/data/node_modules/node-rdkafka/build/deps  -lz
DBG 89: zlib: Check for static library (libs -lz, arfile variable STATIC_LIB_zlib=, static filenames libz.a)
DBG 89: zlib: from pkg-config: LIBS: prepend -lz
DBG 89: Setting zlib (zlib) status to ok (action cont)
DBG 89: pkg-config check libcrypto for CFLAGS (): pkg-config --short-errors --cflags libcrypto
DBG 89: pkg-config check libcrypto for LIBS (): pkg-config --short-errors --libs libcrypto
DBG 89: libcrypto: from pkg-config: CFLAGS '', LIBS '-lz -ldl -lpthread -lrt'
DBG 89: libcrypto: performing compile check using pkg-config info
DBG 89: Compile check libcrypto () (sub=1): gcc  -g -O2 -fPIC -Wall -Wsign-compare -Wfloat-equal -Wpointer-arith -Wcast-align -Wall -Werror _mkltmpSbG224.c -o _mkltmpSbG224.c.o  -L/data/node_modules/node-rdkafka/build/deps  -lcrypto
DBG 89: libcrypto: Check for static library (libs -lcrypto, arfile variable STATIC_LIB_libcrypto=, static filenames libcrypto.a)
DBG 89: libcrypto: from pkg-config: LIBS: prepend -lcrypto
DBG 89: Setting libcrypto (libcrypto) status to ok (action cont)
DBG 89: pkg-config check libssl for CFLAGS (WITH_SSL): pkg-config --short-errors --cflags libssl
DBG 89: pkg-config check libssl for LIBS (WITH_SSL): pkg-config --short-errors --libs libssl
DBG 89: libssl: from pkg-config: CFLAGS '', LIBS '-lcrypto -lz -ldl -lpthread -lrt'
DBG 89: libssl: performing compile check using pkg-config info
DBG 89: Compile check libssl (WITH_SSL) (sub=1): gcc  -g -O2 -fPIC -Wall -Wsign-compare -Wfloat-equal -Wpointer-arith -Wcast-align -Wall -Werror _mkltmp1lpVmH.c -o _mkltmp1lpVmH.c.o  -L/data/node_modules/node-rdkafka/build/deps  -lssl
DBG 89: libssl: Check for static library (libs -lssl, arfile variable STATIC_LIB_libssl=, static filenames libssl.a)
DBG 89: libssl: from pkg-config: LIBS: prepend -lssl
DBG 89: Setting libssl (libssl) status to ok (action cont)
DBG 89: pkg-config check libsasl2 for CFLAGS (WITH_SASL_CYRUS): pkg-config --short-errors --cflags libsasl2
DBG 89: 'pkg-config --short-errors --cflags libsasl2' failed: No package 'libsasl2' found
DBG 89: Setting libsasl2_PKGCONFIG (libsasl2_PKGCONFIG) status to failed (action cont)
DBG 89: Check libsasl2_PKGCONFIG (, action cont (originally cont)) failed: 'pkg-config --short-errors --cflags libsasl2' failed:
No package 'libsasl2' found
DBG 89: libsasl2: Check for static library (libs -lsasl2, arfile variable STATIC_LIB_libsasl2=, static filenames )
DBG 89: Compile check libsasl2 (WITH_SASL_CYRUS) (sub=0): gcc  -g -O2 -fPIC -Wall -Wsign-compare -Wfloat-equal -Wpointer-arith -Wcast-align -Wall -Werror _mkltmpsllJj6.c -o _mkltmpsllJj6.c.o  -L/data/node_modules/node-rdkafka/build/deps -lsasl2
DBG 89: compile check for libsasl2 (WITH_SASL_CYRUS) failed: gcc  -g -O2 -fPIC -Wall -Wsign-compare -Wfloat-equal -Wpointer-arith -Wcast-align -Wall -Werror _mkltmpsllJj6.c -o _mkltmpsllJj6.c.o  -L/data/node_modules/node-rdkafka/build/deps -lsasl2: _mkltmpsllJj6.c:1:23: fatal error: sasl/sasl.h: No such file or directory
 #include <sasl/sasl.h>
                       ^
compilation terminated.
DBG 89: Setting libsasl2 (libsasl2) status to failed (action disable)
DBG 89: Check libsasl2 (WITH_SASL_CYRUS, action disable (originally disable)) failed: compile check failed:
CC: CC
flags: -lsasl2
gcc  -g -O2 -fPIC -Wall -Wsign-compare -Wfloat-equal -Wpointer-arith -Wcast-align -Wall -Werror _mkltmpsllJj6.c -o _mkltmpsllJj6.c.o  -L/data/node_modules/node-rdkafka/build/deps -lsasl2:
_mkltmpsllJj6.c:1:23: fatal error: sasl/sasl.h: No such file or directory
 #include <sasl/sasl.h>
                       ^
compilation terminated.
source: #include <sasl/sasl.h>
DBG 89: pkg-config check libsasl for CFLAGS (WITH_SASL_CYRUS): pkg-config --short-errors --cflags libsasl
DBG 89: 'pkg-config --short-errors --cflags libsasl' failed: No package 'libsasl' found
DBG 89: Setting libsasl_PKGCONFIG (libsasl_PKGCONFIG) status to failed (action cont)
DBG 89: Check libsasl_PKGCONFIG (, action cont (originally cont)) failed: 'pkg-config --short-errors --cflags libsasl' failed:
No package 'libsasl' found
DBG 89: libsasl: Check for static library (libs -lsasl, arfile variable STATIC_LIB_libsasl=, static filenames )
DBG 89: Compile check libsasl (WITH_SASL_CYRUS) (sub=0): gcc  -g -O2 -fPIC -Wall -Wsign-compare -Wfloat-equal -Wpointer-arith -Wcast-align -Wall -Werror _mkltmpwbdBzn.c -o _mkltmpwbdBzn.c.o  -L/data/node_modules/node-rdkafka/build/deps -lsasl
DBG 89: compile check for libsasl (WITH_SASL_CYRUS) failed: gcc  -g -O2 -fPIC -Wall -Wsign-compare -Wfloat-equal -Wpointer-arith -Wcast-align -Wall -Werror _mkltmpwbdBzn.c -o _mkltmpwbdBzn.c.o  -L/data/node_modules/node-rdkafka/build/deps -lsasl: _mkltmpwbdBzn.c:1:23: fatal error: sasl/sasl.h: No such file or directory
 #include <sasl/sasl.h>
                       ^
compilation terminated.
DBG 89: Setting libsasl (libsasl) status to failed (action disable)
DBG 89: Check libsasl (WITH_SASL_CYRUS, action disable (originally disable)) failed: compile check failed:
CC: CC
flags: -lsasl
gcc  -g -O2 -fPIC -Wall -Wsign-compare -Wfloat-equal -Wpointer-arith -Wcast-align -Wall -Werror _mkltmpwbdBzn.c -o _mkltmpwbdBzn.c.o  -L/data/node_modules/node-rdkafka/build/deps -lsasl:
_mkltmpwbdBzn.c:1:23: fatal error: sasl/sasl.h: No such file or directory
 #include <sasl/sasl.h>
                       ^
compilation terminated.
source: #include <sasl/sasl.h>
DBG 89: pkg-config check libzstd for CFLAGS (WITH_ZSTD): pkg-config --short-errors --cflags libzstd
DBG 89: 'pkg-config --short-errors --cflags libzstd' failed: No package 'libzstd' found
DBG 89: Setting libzstd_PKGCONFIG (libzstd_PKGCONFIG) status to failed (action cont)
DBG 89: Check libzstd_PKGCONFIG (, action cont (originally cont)) failed: 'pkg-config --short-errors --cflags libzstd' failed:
No package 'libzstd' found
DBG 89: libzstd: Check for static library (libs -lzstd, arfile variable STATIC_LIB_libzstd=, static filenames libzstd.a)
DBG 89: Compile check libzstd (WITH_ZSTD) (sub=0): gcc  -g -O2 -fPIC -Wall -Wsign-compare -Wfloat-equal -Wpointer-arith -Wcast-align -Wall -Werror _mkltmpEiE8RQ.c -o _mkltmpEiE8RQ.c.o  -L/data/node_modules/node-rdkafka/build/deps -lzstd
DBG 89: compile check for libzstd (WITH_ZSTD) failed: gcc  -g -O2 -fPIC -Wall -Wsign-compare -Wfloat-equal -Wpointer-arith -Wcast-align -Wall -Werror _mkltmpEiE8RQ.c -o _mkltmpEiE8RQ.c.o  -L/data/node_modules/node-rdkafka/build/deps -lzstd: _mkltmpEiE8RQ.c:2:18: fatal error: zstd.h: No such file or directory
 #include <zstd.h>
                  ^
compilation terminated.
DBG 89: Setting libzstd (libzstd) status to failed (action disable)
DBG 89: Check libzstd (WITH_ZSTD, action disable (originally disable)) failed: compile check failed:
CC: CC
flags: -lzstd
gcc  -g -O2 -fPIC -Wall -Wsign-compare -Wfloat-equal -Wpointer-arith -Wcast-align -Wall -Werror _mkltmpEiE8RQ.c -o _mkltmpEiE8RQ.c.o  -L/data/node_modules/node-rdkafka/build/deps -lzstd:
_mkltmpEiE8RQ.c:2:18: fatal error: zstd.h: No such file or directory
 #include <zstd.h>
                  ^
compilation terminated.
source: 
#include <zstd.h>
#include <zstd_errors.h>

void foo (void) {
     ZSTD_getFrameContentSize(NULL, 0);
}

DBG 89: pkg-config check libm for CFLAGS (): pkg-config --short-errors --cflags libm
DBG 89: 'pkg-config --short-errors --cflags libm' failed: No package 'libm' found
DBG 89: Setting libm_PKGCONFIG (libm_PKGCONFIG) status to failed (action cont)
DBG 89: Check libm_PKGCONFIG (, action cont (originally cont)) failed: 'pkg-config --short-errors --cflags libm' failed:
No package 'libm' found
DBG 89: libm: Check for static library (libs -lm, arfile variable STATIC_LIB_libm=, static filenames )
DBG 89: Compile check libm () (sub=0): gcc  -g -O2 -fPIC -Wall -Wsign-compare -Wfloat-equal -Wpointer-arith -Wcast-align -Wall -Werror _mkltmp0TLm8h.c -o _mkltmp0TLm8h.c.o  -L/data/node_modules/node-rdkafka/build/deps -lm
DBG 89: Setting libm (libm) status to ok (action disable)
DBG 89: libm: from lib_check: LIBS: prepend -lm
DBG 89: pkg-config check liblz4 for CFLAGS (WITH_LZ4_EXT): pkg-config --short-errors --cflags liblz4
DBG 89: 'pkg-config --short-errors --cflags liblz4' failed: No package 'liblz4' found
DBG 89: Setting liblz4_PKGCONFIG (liblz4_PKGCONFIG) status to failed (action cont)
DBG 89: Check liblz4_PKGCONFIG (, action cont (originally cont)) failed: 'pkg-config --short-errors --cflags liblz4' failed:
No package 'liblz4' found
DBG 89: liblz4: Check for static library (libs -llz4, arfile variable STATIC_LIB_liblz4=, static filenames liblz4.a)
DBG 89: Compile check liblz4 (WITH_LZ4_EXT) (sub=0): gcc  -g -O2 -fPIC -Wall -Wsign-compare -Wfloat-equal -Wpointer-arith -Wcast-align -Wall -Werror _mkltmpXEheUf.c -o _mkltmpXEheUf.c.o  -L/data/node_modules/node-rdkafka/build/deps -llz4
DBG 89: compile check for liblz4 (WITH_LZ4_EXT) failed: gcc  -g -O2 -fPIC -Wall -Wsign-compare -Wfloat-equal -Wpointer-arith -Wcast-align -Wall -Werror _mkltmpXEheUf.c -o _mkltmpXEheUf.c.o  -L/data/node_modules/node-rdkafka/build/deps -llz4: _mkltmpXEheUf.c:1:22: fatal error: lz4frame.h: No such file or directory
 #include <lz4frame.h>
                      ^
compilation terminated.
DBG 89: Setting liblz4 (liblz4) status to failed (action disable)
DBG 89: Check liblz4 (WITH_LZ4_EXT, action disable (originally disable)) failed: compile check failed:
CC: CC
flags: -llz4
gcc  -g -O2 -fPIC -Wall -Wsign-compare -Wfloat-equal -Wpointer-arith -Wcast-align -Wall -Werror _mkltmpXEheUf.c -o _mkltmpXEheUf.c.o  -L/data/node_modules/node-rdkafka/build/deps -llz4:
_mkltmpXEheUf.c:1:22: fatal error: lz4frame.h: No such file or directory
 #include <lz4frame.h>
                      ^
compilation terminated.
source: #include <lz4frame.h>
DBG 89: Compile check syslog (WITH_SYSLOG) (sub=0): gcc  -g -O2 -fPIC -Wall -Wsign-compare -Wfloat-equal -Wpointer-arith -Wcast-align -Wall -Werror _mkltmpw4XhBm.c -o _mkltmpw4XhBm.c.o  -L/data/node_modules/node-rdkafka/build/deps 
DBG 89: Setting syslog (syslog) status to ok (action disable)
DBG 89: Compile check rapidjson (WITH_RAPIDJSON) (sub=0): g++  -g -O2 -fPIC -Wall -Wsign-compare -Wfloat-equal -Wpointer-arith -Wcast-align -Wall -Werror _mkltmpvfwZM5.cpp -o _mkltmpvfwZM5.cpp.o  -L/data/node_modules/node-rdkafka/build/deps 
DBG 89: compile check for rapidjson (WITH_RAPIDJSON) failed: g++  -g -O2 -fPIC -Wall -Wsign-compare -Wfloat-equal -Wpointer-arith -Wcast-align -Wall -Werror _mkltmpvfwZM5.cpp -o _mkltmpvfwZM5.cpp.o  -L/data/node_modules/node-rdkafka/build/deps : _mkltmpvfwZM5.cpp:1:30: fatal error: rapidjson/schema.h: No such file or directory
 #include <rapidjson/schema.h>
                              ^
compilation terminated.
DBG 89: Setting rapidjson (rapidjson) status to failed (action disable)
DBG 89: Check rapidjson (WITH_RAPIDJSON, action disable (originally disable)) failed: compile check failed:
CC: CXX
flags: 
g++  -g -O2 -fPIC -Wall -Wsign-compare -Wfloat-equal -Wpointer-arith -Wcast-align -Wall -Werror _mkltmpvfwZM5.cpp -o _mkltmpvfwZM5.cpp.o  -L/data/node_modules/node-rdkafka/build/deps :
_mkltmpvfwZM5.cpp:1:30: fatal error: rapidjson/schema.h: No such file or directory
 #include <rapidjson/schema.h>
                              ^
compilation terminated.
source: #include <rapidjson/schema.h>
DBG 89: Compile check crc32chw (WITH_CRC32C_HW) (sub=0): gcc  -g -O2 -fPIC -Wall -Wsign-compare -Wfloat-equal -Wpointer-arith -Wcast-align -Wall -Werror _mkltmpc8Juxf.c -o _mkltmpc8Juxf.c.o  -L/data/node_modules/node-rdkafka/build/deps 
DBG 89: Setting crc32chw (crc32chw) status to ok (action disable)
DBG 89: Compile check regex (HAVE_REGEX) (sub=0): gcc  -g -O2 -fPIC -Wall -Wsign-compare -Wfloat-equal -Wpointer-arith -Wcast-align -Wall -Werror _mkltmpBu0UKS.c -o _mkltmpBu0UKS.c.o  -L/data/node_modules/node-rdkafka/build/deps 
DBG 89: Setting regex (regex) status to ok (action disable)
DBG 89: Compile check strndup (HAVE_STRNDUP) (sub=0): gcc  -g -O2 -fPIC -Wall -Wsign-compare -Wfloat-equal -Wpointer-arith -Wcast-align -Wall -Werror _mkltmpVuFQnW.c -o _mkltmpVuFQnW.c.o  -L/data/node_modules/node-rdkafka/build/deps 
DBG 89: Setting strndup (strndup) status to ok (action disable)
DBG 89: Compile check strlcpy (HAVE_STRLCPY) (sub=0): gcc  -g -O2 -fPIC -Wall -Wsign-compare -Wfloat-equal -Wpointer-arith -Wcast-align -Wall -Werror _mkltmp1qak8E.c -o _mkltmp1qak8E.c.o  -L/data/node_modules/node-rdkafka/build/deps 
DBG 89: compile check for strlcpy (HAVE_STRLCPY) failed: gcc  -g -O2 -fPIC -Wall -Wsign-compare -Wfloat-equal -Wpointer-arith -Wcast-align -Wall -Werror _mkltmp1qak8E.c -o _mkltmp1qak8E.c.o  -L/data/node_modules/node-rdkafka/build/deps : _mkltmp1qak8E.c: In function 'foo':
_mkltmp1qak8E.c:6:11: error: implicit declaration of function 'strlcpy' [-Werror=implicit-function-declaration]
    return strlcpy(dest, "something", sizeof(dest));
           ^~~~~~~
cc1: all warnings being treated as errors
DBG 89: Setting strlcpy (strlcpy) status to failed (action disable)
DBG 89: Check strlcpy (HAVE_STRLCPY, action disable (originally disable)) failed: compile check failed:
CC: CC
flags: 
gcc  -g -O2 -fPIC -Wall -Wsign-compare -Wfloat-equal -Wpointer-arith -Wcast-align -Wall -Werror _mkltmp1qak8E.c -o _mkltmp1qak8E.c.o  -L/data/node_modules/node-rdkafka/build/deps :
_mkltmp1qak8E.c: In function 'foo':
_mkltmp1qak8E.c:6:11: error: implicit declaration of function 'strlcpy' [-Werror=implicit-function-declaration]
    return strlcpy(dest, "something", sizeof(dest));
           ^~~~~~~
cc1: all warnings being treated as errors
source: 
#define _DARWIN_C_SOURCE
#include <string.h>
int foo (void) {
    char dest[4];
   return strlcpy(dest, "something", sizeof(dest));
}
DBG 89: Compile check strerror_r (HAVE_STRERROR_R) (sub=0): gcc  -g -O2 -fPIC -Wall -Wsign-compare -Wfloat-equal -Wpointer-arith -Wcast-align -Wall -Werror _mkltmpTwrEqv.c -o _mkltmpTwrEqv.c.o  -L/data/node_modules/node-rdkafka/build/deps 
DBG 89: Setting strerror_r (strerror_r) status to ok (action disable)
DBG 89: Compile check pthread_setname_gnu (HAVE_PTHREAD_SETNAME_GNU) (sub=0): gcc  -g -O2 -fPIC -Wall -Wsign-compare -Wfloat-equal -Wpointer-arith -Wcast-align -Wall -Werror _mkltmpE0KysK.c -o _mkltmpE0KysK.c.o  -L/data/node_modules/node-rdkafka/build/deps -D_GNU_SOURCE -lpthread
DBG 89: Setting pthread_setname_gnu (pthread_setname_gnu) status to ok (action disable)
DBG 89: Setting nm (nm) status to ok (action cont)
DBG 89: Setting python3 (python3) status to ok (action disable)
DBG 89: Compile check getrusage (HAVE_GETRUSAGE) (sub=0): gcc  -g -O2 -fPIC -Wall -Wsign-compare -Wfloat-equal -Wpointer-arith -Wcast-align -Wall -Werror _mkltmpjaOXKo.c -o _mkltmpjaOXKo.c.o  -L/data/node_modules/node-rdkafka/build/deps 
DBG 89: Setting getrusage (getrusage) status to ok (action disable)
